<?xml version="1.0" encoding="UTF-8"?>
<!-- Generated by org.testng.reporters.JUnitReportReporter -->
<testsuite hostname="LIN41005452" failures="0" tests="12" name="testrunner.LoginPage_TestRunner" time="73.188" errors="0" timestamp="2023-06-07T12:46:10 IST" skipped="0">
  <testcase classname="testrunner.LoginPage_TestRunner" name="runScenario" time="5.135"/>
  <system-out/>
  <testcase classname="testrunner.LoginPage_TestRunner" name="runScenario" time="12.490"/>
  <system-out/>
  <testcase classname="testrunner.LoginPage_TestRunner" name="runScenario" time="4.329"/>
  <system-out/>
  <testcase classname="testrunner.LoginPage_TestRunner" name="runScenario" time="4.745"/>
  <system-out/>
  <testcase classname="testrunner.LoginPage_TestRunner" name="runScenario" time="9.836"/>
  <system-out/>
  <testcase classname="testrunner.LoginPage_TestRunner" name="runScenario" time="3.939"/>
  <system-out/>
  <testcase classname="testrunner.LoginPage_TestRunner" name="runScenario" time="4.275"/>
  <system-out/>
  <testcase classname="testrunner.LoginPage_TestRunner" name="runScenario" time="4.118"/>
  <system-out/>
  <testcase classname="testrunner.LoginPage_TestRunner" name="runScenario" time="6.902"/>
  <system-out/>
  <testcase classname="testrunner.LoginPage_TestRunner" name="runScenario" time="9.889"/>
  <system-out/>
  <testcase classname="testrunner.LoginPage_TestRunner" name="runScenario" time="3.489"/>
  <system-out/>
  <testcase classname="testrunner.LoginPage_TestRunner" name="runScenario" time="4.041"/>
  <system-out/>
</testsuite> <!-- testrunner.LoginPage_TestRunner -->
