<?xml version="1.0" encoding="UTF-8"?>
<!-- Generated by org.testng.reporters.JUnitReportReporter -->
<testsuite hostname="LIN41005452" failures="0" tests="5" name="testrunner.samplerun" time="53.331" errors="0" timestamp="2023-06-02T15:27:46 IST" skipped="0">
  <testcase classname="testrunner.samplerun" name="runScenario" time="9.639"/>
  <system-out/>
  <testcase classname="testrunner.samplerun" name="runScenario" time="9.898"/>
  <system-out/>
  <testcase classname="testrunner.samplerun" name="runScenario" time="13.825"/>
  <system-out/>
  <testcase classname="testrunner.samplerun" name="runScenario" time="10.606"/>
  <system-out/>
  <testcase classname="testrunner.samplerun" name="runScenario" time="9.363"/>
  <system-out/>
</testsuite> <!-- testrunner.samplerun -->
